0 info it worked if it ends with ok
1 verbose cli [ 'node', '/usr/local/bin/npm', 'install', 'wow', '--save-dev' ]
2 info using npm@2.11.1
3 info using node@v0.12.2
4 verbose install initial load of /Users/stephenyoung/Documents/GitHub Repos/acidotic-ejs/package.json
5 verbose installManyTop reading scoped package data from /Users/stephenyoung/Documents/GitHub Repos/acidotic-ejs/node_modules/body-parser/package.json
6 verbose installManyTop reading scoped package data from /Users/stephenyoung/Documents/GitHub Repos/acidotic-ejs/node_modules/cookie-parser/package.json
7 verbose installManyTop reading scoped package data from /Users/stephenyoung/Documents/GitHub Repos/acidotic-ejs/node_modules/debug/package.json
8 verbose installManyTop reading scoped package data from /Users/stephenyoung/Documents/GitHub Repos/acidotic-ejs/node_modules/ejs/package.json
9 verbose installManyTop reading scoped package data from /Users/stephenyoung/Documents/GitHub Repos/acidotic-ejs/node_modules/express/package.json
10 verbose installManyTop reading scoped package data from /Users/stephenyoung/Documents/GitHub Repos/acidotic-ejs/node_modules/firebase/package.json
11 verbose installManyTop reading scoped package data from /Users/stephenyoung/Documents/GitHub Repos/acidotic-ejs/node_modules/gulp/package.json
12 verbose installManyTop reading scoped package data from /Users/stephenyoung/Documents/GitHub Repos/acidotic-ejs/node_modules/gulp-autoprefixer/package.json
13 verbose installManyTop reading scoped package data from /Users/stephenyoung/Documents/GitHub Repos/acidotic-ejs/node_modules/gulp-concat/package.json
14 verbose installManyTop reading scoped package data from /Users/stephenyoung/Documents/GitHub Repos/acidotic-ejs/node_modules/gulp-concat-css/package.json
15 verbose installManyTop reading scoped package data from /Users/stephenyoung/Documents/GitHub Repos/acidotic-ejs/node_modules/gulp-imagemin/package.json
16 verbose installManyTop reading scoped package data from /Users/stephenyoung/Documents/GitHub Repos/acidotic-ejs/node_modules/gulp-minify-css/package.json
17 verbose installManyTop reading scoped package data from /Users/stephenyoung/Documents/GitHub Repos/acidotic-ejs/node_modules/gulp-sass/package.json
18 verbose installManyTop reading scoped package data from /Users/stephenyoung/Documents/GitHub Repos/acidotic-ejs/node_modules/gulp-scss-lint/package.json
19 verbose installManyTop reading scoped package data from /Users/stephenyoung/Documents/GitHub Repos/acidotic-ejs/node_modules/gulp-useref/package.json
20 verbose installManyTop reading scoped package data from /Users/stephenyoung/Documents/GitHub Repos/acidotic-ejs/node_modules/gulp-watch/package.json
21 verbose installManyTop reading scoped package data from /Users/stephenyoung/Documents/GitHub Repos/acidotic-ejs/node_modules/imagemin-pngquant/package.json
22 verbose installManyTop reading scoped package data from /Users/stephenyoung/Documents/GitHub Repos/acidotic-ejs/node_modules/morgan/package.json
23 verbose installManyTop reading scoped package data from /Users/stephenyoung/Documents/GitHub Repos/acidotic-ejs/node_modules/serve-favicon/package.json
24 info package.json cookie-parser@1.3.4 No license field.
25 info package.json gulp@3.8.11 No license field.
26 info package.json gulp-concat-css@2.2.0 No license field.
27 info package.json gulp-minify-css@0.3.13 No license field.
28 info package.json gulp-concat@2.5.2 No license field.
29 info package.json firebase@2.2.4 No license field.
30 verbose readDependencies loading dependencies from /Users/stephenyoung/Documents/GitHub Repos/acidotic-ejs/package.json
31 silly cache add args [ 'wow', null ]
32 verbose cache add spec wow
33 silly cache add parsed spec { raw: 'wow',
33 silly cache add   scope: null,
33 silly cache add   name: 'wow',
33 silly cache add   rawSpec: '',
33 silly cache add   spec: '*',
33 silly cache add   type: 'range' }
34 silly addNamed wow@*
35 verbose addNamed "*" is a valid semver range for wow
36 silly addNameRange { name: 'wow', range: '*', hasData: false }
37 silly mapToRegistry name wow
38 silly mapToRegistry using default registry
39 silly mapToRegistry registry https://registry.npmjs.org/
40 silly mapToRegistry uri https://registry.npmjs.org/wow
41 verbose addNameRange registry:https://registry.npmjs.org/wow not in flight; fetching
42 verbose request uri https://registry.npmjs.org/wow
43 verbose request no auth needed
44 info attempt registry request try #1 at 1:32:51 PM
45 verbose request id 5740fbff2e25cbb7
46 http request GET https://registry.npmjs.org/wow
47 http 200 https://registry.npmjs.org/wow
48 silly get cb [ 200,
48 silly get   { server: 'CouchDB/1.5.0 (Erlang OTP/R16B03)',
48 silly get     etag: '"C32ZHVMYQ6W9OWVLX8BSLJTE0"',
48 silly get     'content-type': 'application/json',
48 silly get     'cache-control': 'max-age=60',
48 silly get     'content-length': '5019',
48 silly get     'accept-ranges': 'bytes',
48 silly get     date: 'Sun, 14 Jun 2015 17:32:52 GMT',
48 silly get     via: '1.1 varnish',
48 silly get     age: '0',
48 silly get     connection: 'keep-alive',
48 silly get     'x-served-by': 'cache-jfk1023-JFK',
48 silly get     'x-cache': 'MISS',
48 silly get     'x-cache-hits': '0',
48 silly get     'x-timer': 'S1434303171.724428,VS0,VE376',
48 silly get     vary: 'Accept' } ]
49 verbose get saving wow to /Users/stephenyoung/.npm/registry.npmjs.org/wow/.cache.json
50 silly addNameRange number 2 { name: 'wow', range: '*', hasData: true }
51 silly addNameRange versions [ 'wow',
51 silly addNameRange   [ '0.0.1', '0.0.2', '0.0.3', '0.0.4', '0.0.5', '0.0.6' ] ]
52 silly addNamed wow@0.0.6
53 verbose addNamed "0.0.6" is a plain semver version for wow
54 silly mapToRegistry name wow
55 silly mapToRegistry using default registry
56 silly mapToRegistry registry https://registry.npmjs.org/
57 silly mapToRegistry uri https://registry.npmjs.org/wow
58 verbose addRemoteTarball https://registry.npmjs.org/wow/-/wow-0.0.6.tgz not in flight; adding
59 verbose addRemoteTarball [ 'https://registry.npmjs.org/wow/-/wow-0.0.6.tgz',
59 verbose addRemoteTarball   '50a366f641400408896c774c0763ee5def36af0d' ]
60 info retry fetch attempt 1 at 1:32:52 PM
61 info attempt registry request try #1 at 1:32:52 PM
62 http fetch GET https://registry.npmjs.org/wow/-/wow-0.0.6.tgz
63 http fetch 200 https://registry.npmjs.org/wow/-/wow-0.0.6.tgz
64 silly fetchAndShaCheck shasum 50a366f641400408896c774c0763ee5def36af0d
65 verbose addTmpTarball /var/folders/9r/0_56wf993x7gwb297mpxlvcw0000gn/T/npm-54336-a98a1a39/registry.npmjs.org/wow/-/wow-0.0.6.tgz not in flight; adding
66 verbose addTmpTarball already have metadata; skipping unpack for wow@0.0.6
67 silly cache afterAdd wow@0.0.6
68 verbose afterAdd /Users/stephenyoung/.npm/wow/0.0.6/package/package.json not in flight; writing
69 verbose afterAdd /Users/stephenyoung/.npm/wow/0.0.6/package/package.json written
70 silly install resolved [ { author:
70 silly install resolved      { name: 'kangjia',
70 silly install resolved        email: 'ikangjia@gmail.com',
70 silly install resolved        url: 'tingnide.com' },
70 silly install resolved     name: 'wow',
70 silly install resolved     description: 'tools for front-end',
70 silly install resolved     version: '0.0.6',
70 silly install resolved     email: 'ikangjia@gmail.com',
70 silly install resolved     homepage: 'tingnide.com',
70 silly install resolved     repository: { url: 'https://github.com/kangjia/wow.git' },
70 silly install resolved     dependencies: { filed: '0.0.7', mime: '1.2.7' },
70 silly install resolved     devDependencies: { filed: '0.0.7', mime: '1.2.7' },
70 silly install resolved     optionalDependencies: {},
70 silly install resolved     main: './lib/main.js',
70 silly install resolved     bin: { wow: './lib/main.js' },
70 silly install resolved     readme: 'this is a utils to weiyouxi.com front-end team\n',
70 silly install resolved     _id: 'wow@0.0.6',
70 silly install resolved     dist:
70 silly install resolved      { shasum: '50a366f641400408896c774c0763ee5def36af0d',
70 silly install resolved        tarball: 'http://registry.npmjs.org/wow/-/wow-0.0.6.tgz' },
70 silly install resolved     _npmVersion: '1.1.59',
70 silly install resolved     _npmUser: { name: 'ikangjia', email: 'ikangjia@gmail.com' },
70 silly install resolved     maintainers: [ [Object] ],
70 silly install resolved     directories: {},
70 silly install resolved     _shasum: '50a366f641400408896c774c0763ee5def36af0d',
70 silly install resolved     _resolved: 'https://registry.npmjs.org/wow/-/wow-0.0.6.tgz',
70 silly install resolved     _from: 'wow@*' } ]
71 info install wow@0.0.6 into /Users/stephenyoung/Documents/GitHub Repos/acidotic-ejs
72 info installOne wow@0.0.6
73 verbose installOne of wow to /Users/stephenyoung/Documents/GitHub Repos/acidotic-ejs not in flight; installing
74 verbose lock using /Users/stephenyoung/.npm/_locks/wow-dee59b905a7ddc5b.lock for /Users/stephenyoung/Documents/GitHub Repos/acidotic-ejs/node_modules/wow
75 silly install write writing wow 0.0.6 to /Users/stephenyoung/Documents/GitHub Repos/acidotic-ejs/node_modules/wow
76 verbose unbuild node_modules/wow
77 silly gentlyRm /Users/stephenyoung/Documents/GitHub Repos/acidotic-ejs/node_modules/wow is being purged from base /Users/stephenyoung/Documents/GitHub Repos/acidotic-ejs
78 verbose gentlyRm don't care about contents; nuking /Users/stephenyoung/Documents/GitHub Repos/acidotic-ejs/node_modules/wow
79 verbose tar unpack /Users/stephenyoung/.npm/wow/0.0.6/package.tgz
80 verbose tar unpacking to /Users/stephenyoung/Documents/GitHub Repos/acidotic-ejs/node_modules/wow
81 silly gentlyRm /Users/stephenyoung/Documents/GitHub Repos/acidotic-ejs/node_modules/wow is being purged
82 verbose gentlyRm don't care about contents; nuking /Users/stephenyoung/Documents/GitHub Repos/acidotic-ejs/node_modules/wow
83 silly gunzTarPerm modes [ '755', '644' ]
84 silly gunzTarPerm extractEntry package.json
85 silly gunzTarPerm modified mode [ 'package.json', 502, 484 ]
86 silly gunzTarPerm extractEntry .idea/.name
87 silly gunzTarPerm modified mode [ '.idea/.name', 438, 420 ]
88 silly gunzTarPerm extractEntry .idea/encodings.xml
89 silly gunzTarPerm modified mode [ '.idea/encodings.xml', 438, 420 ]
90 silly gunzTarPerm extractEntry .idea/jsLinters/jshint.xml
91 silly gunzTarPerm modified mode [ '.idea/jsLinters/jshint.xml', 438, 420 ]
92 silly gunzTarPerm extractEntry .idea/jsLinters/jslint.xml
93 silly gunzTarPerm modified mode [ '.idea/jsLinters/jslint.xml', 438, 420 ]
94 silly gunzTarPerm extractEntry .idea/libraries/sass_stdlib.xml
95 silly gunzTarPerm modified mode [ '.idea/libraries/sass_stdlib.xml', 438, 420 ]
96 silly gunzTarPerm extractEntry .idea/misc.xml
97 silly gunzTarPerm modified mode [ '.idea/misc.xml', 438, 420 ]
98 silly gunzTarPerm extractEntry .idea/modules.xml
99 silly gunzTarPerm modified mode [ '.idea/modules.xml', 438, 420 ]
100 silly gunzTarPerm extractEntry .idea/scopes/scope_settings.xml
101 silly gunzTarPerm modified mode [ '.idea/scopes/scope_settings.xml', 438, 420 ]
102 silly gunzTarPerm extractEntry .idea/vcs.xml
103 silly gunzTarPerm modified mode [ '.idea/vcs.xml', 438, 420 ]
104 silly gunzTarPerm extractEntry .idea/workspace.xml
105 silly gunzTarPerm modified mode [ '.idea/workspace.xml', 438, 420 ]
106 silly gunzTarPerm extractEntry .idea/wow.iml
107 silly gunzTarPerm modified mode [ '.idea/wow.iml', 438, 420 ]
108 silly gunzTarPerm extractEntry .tags
109 silly gunzTarPerm modified mode [ '.tags', 438, 420 ]
110 silly gunzTarPerm extractEntry .tags_sorted_by_file
111 silly gunzTarPerm modified mode [ '.tags_sorted_by_file', 438, 420 ]
112 silly gunzTarPerm extractEntry lib/command.js
113 silly gunzTarPerm modified mode [ 'lib/command.js', 502, 484 ]
114 silly gunzTarPerm extractEntry lib/config.js
115 silly gunzTarPerm modified mode [ 'lib/config.js', 502, 484 ]
116 silly gunzTarPerm extractEntry lib/host.js
117 silly gunzTarPerm modified mode [ 'lib/host.js', 502, 484 ]
118 silly gunzTarPerm extractEntry lib/main.js
119 silly gunzTarPerm modified mode [ 'lib/main.js', 511, 493 ]
120 silly gunzTarPerm extractEntry lib/server.js
121 silly gunzTarPerm modified mode [ 'lib/server.js', 438, 420 ]
122 silly gunzTarPerm extractEntry lib/zip.js
123 silly gunzTarPerm modified mode [ 'lib/zip.js', 502, 484 ]
124 silly gunzTarPerm extractEntry README.MD
125 silly gunzTarPerm modified mode [ 'README.MD', 438, 420 ]
126 verbose write writing to /Users/stephenyoung/Documents/GitHub Repos/acidotic-ejs/node_modules/wow/package.json
127 info preinstall wow@0.0.6
128 verbose readDependencies loading dependencies from /Users/stephenyoung/Documents/GitHub Repos/acidotic-ejs/node_modules/wow/package.json
129 silly prepareForInstallMany adding filed@0.0.7 from wow dependencies
130 silly prepareForInstallMany adding mime@1.2.7 from wow dependencies
131 verbose readDependencies loading dependencies from /Users/stephenyoung/Documents/GitHub Repos/acidotic-ejs/node_modules/wow/package.json
132 silly cache add args [ 'filed@0.0.7', null ]
133 verbose cache add spec filed@0.0.7
134 silly cache add args [ 'mime@1.2.7', null ]
135 verbose cache add spec mime@1.2.7
136 silly cache add parsed spec { raw: 'filed@0.0.7',
136 silly cache add   scope: null,
136 silly cache add   name: 'filed',
136 silly cache add   rawSpec: '0.0.7',
136 silly cache add   spec: '0.0.7',
136 silly cache add   type: 'version' }
137 silly addNamed filed@0.0.7
138 verbose addNamed "0.0.7" is a plain semver version for filed
139 silly mapToRegistry name filed
140 silly mapToRegistry using default registry
141 silly mapToRegistry registry https://registry.npmjs.org/
142 silly mapToRegistry uri https://registry.npmjs.org/filed
143 verbose addNameVersion registry:https://registry.npmjs.org/filed not in flight; fetching
144 silly cache add parsed spec { raw: 'mime@1.2.7',
144 silly cache add   scope: null,
144 silly cache add   name: 'mime',
144 silly cache add   rawSpec: '1.2.7',
144 silly cache add   spec: '1.2.7',
144 silly cache add   type: 'version' }
145 silly addNamed mime@1.2.7
146 verbose addNamed "1.2.7" is a plain semver version for mime
147 silly mapToRegistry name mime
148 silly mapToRegistry using default registry
149 silly mapToRegistry registry https://registry.npmjs.org/
150 silly mapToRegistry uri https://registry.npmjs.org/mime
151 verbose addNameVersion registry:https://registry.npmjs.org/mime not in flight; fetching
152 verbose request uri https://registry.npmjs.org/filed
153 verbose request no auth needed
154 info attempt registry request try #1 at 1:32:53 PM
155 http request GET https://registry.npmjs.org/filed
156 verbose request uri https://registry.npmjs.org/mime
157 verbose request no auth needed
158 info attempt registry request try #1 at 1:32:53 PM
159 verbose etag "EXYEM6V0IYMERFM8ZLVTZZMOM"
160 http request GET https://registry.npmjs.org/mime
161 http 304 https://registry.npmjs.org/mime
162 silly get cb [ 304,
162 silly get   { date: 'Sun, 14 Jun 2015 17:32:53 GMT',
162 silly get     via: '1.1 varnish',
162 silly get     'cache-control': 'max-age=60',
162 silly get     etag: '"EXYEM6V0IYMERFM8ZLVTZZMOM"',
162 silly get     age: '12',
162 silly get     connection: 'keep-alive',
162 silly get     'x-served-by': 'cache-jfk1026-JFK',
162 silly get     'x-cache': 'HIT',
162 silly get     'x-cache-hits': '1',
162 silly get     'x-timer': 'S1434303173.451787,VS0,VE0',
162 silly get     vary: 'Accept' } ]
163 verbose etag https://registry.npmjs.org/mime from cache
164 verbose get saving mime to /Users/stephenyoung/.npm/registry.npmjs.org/mime/.cache.json
165 silly mapToRegistry name mime
166 silly mapToRegistry using default registry
167 silly mapToRegistry registry https://registry.npmjs.org/
168 silly mapToRegistry uri https://registry.npmjs.org/mime
169 verbose addRemoteTarball https://registry.npmjs.org/mime/-/mime-1.2.7.tgz not in flight; adding
170 verbose addRemoteTarball [ 'https://registry.npmjs.org/mime/-/mime-1.2.7.tgz',
170 verbose addRemoteTarball   'c7a13f33a7073d9900f288436b06b3a16200865b' ]
171 info retry fetch attempt 1 at 1:32:53 PM
172 info attempt registry request try #1 at 1:32:53 PM
173 http fetch GET https://registry.npmjs.org/mime/-/mime-1.2.7.tgz
174 http 200 https://registry.npmjs.org/filed
175 silly get cb [ 200,
175 silly get   { server: 'CouchDB/1.5.0 (Erlang OTP/R16B03)',
175 silly get     etag: '"A6GEERYDJW2L2MGVZ8Q3R2JOC"',
175 silly get     'content-type': 'application/json',
175 silly get     'cache-control': 'max-age=60',
175 silly get     'content-length': '14349',
175 silly get     'accept-ranges': 'bytes',
175 silly get     date: 'Sun, 14 Jun 2015 17:32:53 GMT',
175 silly get     via: '1.1 varnish',
175 silly get     age: '0',
175 silly get     connection: 'keep-alive',
175 silly get     'x-served-by': 'cache-jfk1021-JFK',
175 silly get     'x-cache': 'MISS',
175 silly get     'x-cache-hits': '0',
175 silly get     'x-timer': 'S1434303173.430283,VS0,VE19',
175 silly get     vary: 'Accept' } ]
176 verbose get saving filed to /Users/stephenyoung/.npm/registry.npmjs.org/filed/.cache.json
177 silly mapToRegistry name filed
178 silly mapToRegistry using default registry
179 silly mapToRegistry registry https://registry.npmjs.org/
180 silly mapToRegistry uri https://registry.npmjs.org/filed
181 verbose addRemoteTarball https://registry.npmjs.org/filed/-/filed-0.0.7.tgz not in flight; adding
182 verbose addRemoteTarball [ 'https://registry.npmjs.org/filed/-/filed-0.0.7.tgz',
182 verbose addRemoteTarball   '3087ec531fb9a78600a6ec8e0b106e2c574d9773' ]
183 info retry fetch attempt 1 at 1:32:53 PM
184 info attempt registry request try #1 at 1:32:53 PM
185 http fetch GET https://registry.npmjs.org/filed/-/filed-0.0.7.tgz
186 http fetch 200 https://registry.npmjs.org/filed/-/filed-0.0.7.tgz
187 silly fetchAndShaCheck shasum 3087ec531fb9a78600a6ec8e0b106e2c574d9773
188 verbose addTmpTarball /var/folders/9r/0_56wf993x7gwb297mpxlvcw0000gn/T/npm-54336-a98a1a39/registry.npmjs.org/filed/-/filed-0.0.7.tgz not in flight; adding
189 verbose addTmpTarball already have metadata; skipping unpack for filed@0.0.7
190 silly cache afterAdd filed@0.0.7
191 verbose afterAdd /Users/stephenyoung/.npm/filed/0.0.7/package/package.json not in flight; writing
192 verbose afterAdd /Users/stephenyoung/.npm/filed/0.0.7/package/package.json written
193 http fetch 200 https://registry.npmjs.org/mime/-/mime-1.2.7.tgz
194 silly fetchAndShaCheck shasum c7a13f33a7073d9900f288436b06b3a16200865b
195 verbose addTmpTarball /var/folders/9r/0_56wf993x7gwb297mpxlvcw0000gn/T/npm-54336-a98a1a39/registry.npmjs.org/mime/-/mime-1.2.7.tgz not in flight; adding
196 verbose addTmpTarball already have metadata; skipping unpack for mime@1.2.7
197 silly cache afterAdd mime@1.2.7
198 verbose afterAdd /Users/stephenyoung/.npm/mime/1.2.7/package/package.json not in flight; writing
199 verbose afterAdd /Users/stephenyoung/.npm/mime/1.2.7/package/package.json written
200 silly install resolved [ { name: 'filed',
200 silly install resolved     description: 'Simplified file library.',
200 silly install resolved     version: '0.0.7',
200 silly install resolved     repository: { type: 'git', url: 'git://github.com/mikeal/filed.git' },
200 silly install resolved     author: { name: 'Mikeal Rogers', email: 'mikeal.rogers@gmail.com' },
200 silly install resolved     engines: { node: '*' },
200 silly install resolved     scripts: { test: 'node test/test.js' },
200 silly install resolved     main: './main',
200 silly install resolved     _npmUser: { name: 'mikeal', email: 'mikeal.rogers@gmail.com' },
200 silly install resolved     _id: 'filed@0.0.7',
200 silly install resolved     dependencies: {},
200 silly install resolved     devDependencies: {},
200 silly install resolved     optionalDependencies: {},
200 silly install resolved     _engineSupported: true,
200 silly install resolved     _npmVersion: '1.1.24',
200 silly install resolved     _nodeVersion: 'v0.8.1',
200 silly install resolved     _defaultsLoaded: true,
200 silly install resolved     dist:
200 silly install resolved      { shasum: '3087ec531fb9a78600a6ec8e0b106e2c574d9773',
200 silly install resolved        tarball: 'http://registry.npmjs.org/filed/-/filed-0.0.7.tgz' },
200 silly install resolved     readme: '# filed -- Simplified file library.\n\n## Install\n\n<pre>\n  npm install filed\n</pre>\n\n## Super simple to use\n\nFiled does a lazy stat call so you can actually open a file and begin writing to it and if the file isn\'t there it will just be created.\n\n```javascript\nvar filed = require(\'filed\');\nvar f = filed(\'/newfile\')\nf.write(\'test\')\nf.end()\n```\n\n## Streaming\n\nThe returned file object is a stream so you can do standard stream stuff to it. Based on *what* you do the object it will be a read stream, a write stream.\n\nSo if you send data to it, it\'ll be a write stream.\n\n```javascript\nfs.createReadStream.pipe(filed(\'/newfile\'))\n```\n\nIf you pipe it to a destination it\'ll be a read stream.\n\n```javascript\nfiled(\'/myfile\').pipe(fs.createWriteStream(\'/out\'))\n```\n\nAnd of course you can pipe a filed object from itself to itself and it\'ll figure it out.\n\n```javascript\nfiled(\'/myfile\').pipe(filed(\'/newfile\'))\n```\n\nThose familiar with [request](http://github.com/mikeal/request) will be familiar seeing object capability detection when doing HTTP. filed does this as well.\n\n```javascript\nhttp.createServer(function (req, resp) {\n  filed(\'/data.json\').pipe(resp)\n})\n```\n\nNot only does the JSON file get streamed to the HTTP Response it will include an Etag, Last-Modified, Content-Length, and a Content-Type header based on the filed extension.\n\n```javascript\nhttp.createServer(function (req, resp) {\n  req.pipe(filed(\'/newfile\')).pipe(resp)\n})\n```\n\nWhen accepting a PUT request data will be streamed to the file and a 201 status will be sent on the HTTP Response when the upload is finished.\n\nDuring a GET request a 404 Response will be sent if the file does not exist.\n\n```javascript\nhttp.createServer(function (req, resp) {\n  req.pipe(filed(\'/data.json\')).pipe(resp)\n})\n```\n\nThe Etag and Last-Modified headers filed creates are based solely on the stat() call so if you pipe a request to an existing file the cache control headers will be taken into account; a 304 response will be sent if the cache control headers match a new stat() call. This can be very helpful in avoiding unnecessary disc reads.\n\n```javascript\nhttp.createServer(function (req, resp) {\n  req.pipe(filed(\'/directory\')).pipe(resp)\n})\n```\n\nJust to round out the full feature set and make it full file server if you give filed an existing directory it will actually check for an index.html file in that directory and serve it if it exists.\n',
200 silly install resolved     maintainers: [ [Object] ],
200 silly install resolved     directories: {},
200 silly install resolved     _shasum: '3087ec531fb9a78600a6ec8e0b106e2c574d9773',
200 silly install resolved     _resolved: 'https://registry.npmjs.org/filed/-/filed-0.0.7.tgz',
200 silly install resolved     _from: 'filed@0.0.7' },
200 silly install resolved   { author:
200 silly install resolved      { name: 'Robert Kieffer',
200 silly install resolved        email: 'robert@broofa.com',
200 silly install resolved        url: 'http://github.com/broofa' },
200 silly install resolved     contributors: [ [Object] ],
200 silly install resolved     dependencies: {},
200 silly install resolved     description: 'A comprehensive library for mime-type mapping',
200 silly install resolved     devDependencies: {},
200 silly install resolved     keywords: [ 'util', 'mime' ],
200 silly install resolved     main: 'mime.js',
200 silly install resolved     name: 'mime',
200 silly install resolved     repository: { url: 'https://github.com/broofa/node-mime', type: 'git' },
200 silly install resolved     version: '1.2.7',
200 silly install resolved     _id: 'mime@1.2.7',
200 silly install resolved     dist:
200 silly install resolved      { shasum: 'c7a13f33a7073d9900f288436b06b3a16200865b',
200 silly install resolved        tarball: 'http://registry.npmjs.org/mime/-/mime-1.2.7.tgz' },
200 silly install resolved     maintainers: [ [Object], [Object] ],
200 silly install resolved     directories: {},
200 silly install resolved     _shasum: 'c7a13f33a7073d9900f288436b06b3a16200865b',
200 silly install resolved     _resolved: 'https://registry.npmjs.org/mime/-/mime-1.2.7.tgz',
200 silly install resolved     _from: 'mime@1.2.7' } ]
201 info install filed@0.0.7 into /Users/stephenyoung/Documents/GitHub Repos/acidotic-ejs/node_modules/wow
202 info install mime@1.2.7 into /Users/stephenyoung/Documents/GitHub Repos/acidotic-ejs/node_modules/wow
203 info installOne filed@0.0.7
204 verbose installOne of filed to /Users/stephenyoung/Documents/GitHub Repos/acidotic-ejs/node_modules/wow not in flight; installing
205 info installOne mime@1.2.7
206 verbose installOne of mime to /Users/stephenyoung/Documents/GitHub Repos/acidotic-ejs/node_modules/wow not in flight; installing
207 verbose lock using /Users/stephenyoung/.npm/_locks/filed-0c5c04a2992f2195.lock for /Users/stephenyoung/Documents/GitHub Repos/acidotic-ejs/node_modules/wow/node_modules/filed
208 verbose lock using /Users/stephenyoung/.npm/_locks/mime-112d4744a4f853b9.lock for /Users/stephenyoung/Documents/GitHub Repos/acidotic-ejs/node_modules/wow/node_modules/mime
209 silly install write writing filed 0.0.7 to /Users/stephenyoung/Documents/GitHub Repos/acidotic-ejs/node_modules/wow/node_modules/filed
210 silly install write writing mime 1.2.7 to /Users/stephenyoung/Documents/GitHub Repos/acidotic-ejs/node_modules/wow/node_modules/mime
211 verbose unbuild node_modules/wow/node_modules/filed
212 verbose unbuild node_modules/wow/node_modules/mime
213 silly gentlyRm /Users/stephenyoung/Documents/GitHub Repos/acidotic-ejs/node_modules/wow/node_modules/filed is being purged from base /Users/stephenyoung/Documents/GitHub Repos/acidotic-ejs
214 verbose gentlyRm don't care about contents; nuking /Users/stephenyoung/Documents/GitHub Repos/acidotic-ejs/node_modules/wow/node_modules/filed
215 silly gentlyRm /Users/stephenyoung/Documents/GitHub Repos/acidotic-ejs/node_modules/wow/node_modules/mime is being purged from base /Users/stephenyoung/Documents/GitHub Repos/acidotic-ejs
216 verbose gentlyRm don't care about contents; nuking /Users/stephenyoung/Documents/GitHub Repos/acidotic-ejs/node_modules/wow/node_modules/mime
217 verbose tar unpack /Users/stephenyoung/.npm/filed/0.0.7/package.tgz
218 verbose tar unpacking to /Users/stephenyoung/Documents/GitHub Repos/acidotic-ejs/node_modules/wow/node_modules/filed
219 silly gentlyRm /Users/stephenyoung/Documents/GitHub Repos/acidotic-ejs/node_modules/wow/node_modules/filed is being purged
220 verbose gentlyRm don't care about contents; nuking /Users/stephenyoung/Documents/GitHub Repos/acidotic-ejs/node_modules/wow/node_modules/filed
221 verbose tar unpack /Users/stephenyoung/.npm/mime/1.2.7/package.tgz
222 verbose tar unpacking to /Users/stephenyoung/Documents/GitHub Repos/acidotic-ejs/node_modules/wow/node_modules/mime
223 silly gentlyRm /Users/stephenyoung/Documents/GitHub Repos/acidotic-ejs/node_modules/wow/node_modules/mime is being purged
224 verbose gentlyRm don't care about contents; nuking /Users/stephenyoung/Documents/GitHub Repos/acidotic-ejs/node_modules/wow/node_modules/mime
225 silly gunzTarPerm modes [ '755', '644' ]
226 silly gunzTarPerm modes [ '755', '644' ]
227 silly gunzTarPerm extractEntry package.json
228 silly gunzTarPerm extractEntry package.json
229 silly gunzTarPerm extractEntry README.md
230 silly gunzTarPerm extractEntry main.js
231 silly gunzTarPerm extractEntry README.md
232 silly gunzTarPerm extractEntry LICENSE
233 silly gunzTarPerm extractEntry mimetypes.js
234 silly gunzTarPerm extractEntry rfc822.js
235 silly gunzTarPerm extractEntry test/server.js
236 silly gunzTarPerm extractEntry test/test.js
237 silly gunzTarPerm extractEntry test/index.html
238 silly gunzTarPerm extractEntry test/testdump-1
239 silly gunzTarPerm extractEntry test/testdump-2
240 silly gunzTarPerm extractEntry test/testdump-3
241 silly gunzTarPerm extractEntry mime.js
242 silly gunzTarPerm extractEntry test.js
243 silly gunzTarPerm extractEntry types/mime.types
244 silly gunzTarPerm extractEntry types/node.types
245 verbose write writing to /Users/stephenyoung/Documents/GitHub Repos/acidotic-ejs/node_modules/wow/node_modules/mime/package.json
246 verbose write writing to /Users/stephenyoung/Documents/GitHub Repos/acidotic-ejs/node_modules/wow/node_modules/filed/package.json
247 info preinstall mime@1.2.7
248 verbose readDependencies loading dependencies from /Users/stephenyoung/Documents/GitHub Repos/acidotic-ejs/node_modules/wow/node_modules/mime/package.json
249 info preinstall filed@0.0.7
250 verbose readDependencies loading dependencies from /Users/stephenyoung/Documents/GitHub Repos/acidotic-ejs/node_modules/wow/node_modules/filed/package.json
251 verbose readDependencies loading dependencies from /Users/stephenyoung/Documents/GitHub Repos/acidotic-ejs/node_modules/wow/node_modules/mime/package.json
252 verbose readDependencies loading dependencies from /Users/stephenyoung/Documents/GitHub Repos/acidotic-ejs/node_modules/wow/node_modules/filed/package.json
253 silly install resolved []
254 verbose about to build /Users/stephenyoung/Documents/GitHub Repos/acidotic-ejs/node_modules/wow/node_modules/filed
255 info build /Users/stephenyoung/Documents/GitHub Repos/acidotic-ejs/node_modules/wow/node_modules/filed
256 silly install resolved []
257 verbose about to build /Users/stephenyoung/Documents/GitHub Repos/acidotic-ejs/node_modules/wow/node_modules/mime
258 info build /Users/stephenyoung/Documents/GitHub Repos/acidotic-ejs/node_modules/wow/node_modules/mime
259 info linkStuff filed@0.0.7
260 silly linkStuff filed@0.0.7 has /Users/stephenyoung/Documents/GitHub Repos/acidotic-ejs/node_modules/wow/node_modules as its parent node_modules
261 info linkStuff mime@1.2.7
262 silly linkStuff mime@1.2.7 has /Users/stephenyoung/Documents/GitHub Repos/acidotic-ejs/node_modules/wow/node_modules as its parent node_modules
263 verbose linkBins filed@0.0.7
264 verbose linkMans filed@0.0.7
265 verbose rebuildBundles filed@0.0.7
266 info install filed@0.0.7
267 info postinstall filed@0.0.7
268 verbose linkBins mime@1.2.7
269 verbose linkMans mime@1.2.7
270 verbose rebuildBundles mime@1.2.7
271 verbose unlock done using /Users/stephenyoung/.npm/_locks/filed-0c5c04a2992f2195.lock for /Users/stephenyoung/Documents/GitHub Repos/acidotic-ejs/node_modules/wow/node_modules/filed
272 info install mime@1.2.7
273 info postinstall mime@1.2.7
274 verbose unlock done using /Users/stephenyoung/.npm/_locks/mime-112d4744a4f853b9.lock for /Users/stephenyoung/Documents/GitHub Repos/acidotic-ejs/node_modules/wow/node_modules/mime
275 verbose about to build /Users/stephenyoung/Documents/GitHub Repos/acidotic-ejs/node_modules/wow
276 info build /Users/stephenyoung/Documents/GitHub Repos/acidotic-ejs/node_modules/wow
277 info linkStuff wow@0.0.6
278 silly linkStuff wow@0.0.6 has /Users/stephenyoung/Documents/GitHub Repos/acidotic-ejs/node_modules as its parent node_modules
279 verbose linkBins wow@0.0.6
280 verbose link bins [ { wow: './lib/main.js' },
280 verbose link bins   '/Users/stephenyoung/Documents/GitHub Repos/acidotic-ejs/node_modules/.bin',
280 verbose link bins   false ]
281 verbose linkMans wow@0.0.6
282 verbose rebuildBundles wow@0.0.6
283 verbose rebuildBundles [ 'filed', 'mime' ]
284 silly gentlyRm /Users/stephenyoung/Documents/GitHub Repos/acidotic-ejs/node_modules/.bin/wow is being purged
285 verbose gentlyRm don't care about contents; nuking /Users/stephenyoung/Documents/GitHub Repos/acidotic-ejs/node_modules/.bin/wow
286 verbose unlock done using /Users/stephenyoung/.npm/_locks/wow-dee59b905a7ddc5b.lock for /Users/stephenyoung/Documents/GitHub Repos/acidotic-ejs/node_modules/wow
287 verbose stack Error: EACCES, symlink '../wow/lib/main.js'
287 verbose stack     at Error (native)
288 verbose cwd /Users/stephenyoung/Documents/GitHub Repos/acidotic-ejs
289 error Darwin 14.0.0
290 error argv "node" "/usr/local/bin/npm" "install" "wow" "--save-dev"
291 error node v0.12.2
292 error npm  v2.11.1
293 error path ../wow/lib/main.js
294 error code EACCES
295 error errno -13
296 error Error: EACCES, symlink '../wow/lib/main.js'
296 error     at Error (native)
296 error  { [Error: EACCES, symlink '../wow/lib/main.js'] errno: -13, code: 'EACCES', path: '../wow/lib/main.js' }
297 error Please try running this command again as root/Administrator.
298 verbose exit [ -13, true ]
299 verbose unbuild node_modules/wow
300 info preuninstall wow@0.0.6
301 info uninstall wow@0.0.6
302 verbose unbuild rmStuff wow@0.0.6 from /Users/stephenyoung/Documents/GitHub Repos/acidotic-ejs/node_modules
303 silly gentlyRm /Users/stephenyoung/Documents/GitHub Repos/acidotic-ejs/node_modules/.bin/wow is being gently removed
304 silly gentlyRm verifying /Users/stephenyoung/Documents/GitHub Repos/acidotic-ejs is an npm working directory
305 silly gentlyRm containing path /Users/stephenyoung/Documents/GitHub Repos/acidotic-ejs is under npm's control, in /Users/stephenyoung/Documents/GitHub Repos/acidotic-ejs
306 silly gentlyRm deletion target /Users/stephenyoung/Documents/GitHub Repos/acidotic-ejs/node_modules/.bin/wow is under /Users/stephenyoung/Documents/GitHub Repos/acidotic-ejs
307 verbose gentlyRm vacuuming from /Users/stephenyoung/Documents/GitHub Repos/acidotic-ejs/node_modules/.bin/wow up to /Users/stephenyoung/Documents/GitHub Repos/acidotic-ejs
308 info postuninstall wow@0.0.6
309 silly gentlyRm /Users/stephenyoung/Documents/GitHub Repos/acidotic-ejs/node_modules/wow is being purged from base /Users/stephenyoung/Documents/GitHub Repos/acidotic-ejs
310 verbose gentlyRm don't care about contents; nuking /Users/stephenyoung/Documents/GitHub Repos/acidotic-ejs/node_modules/wow
311 silly vacuum-fs purging /Users/stephenyoung/Documents/GitHub Repos/acidotic-ejs/node_modules/wow
312 silly vacuum-fs quitting because other entries in /Users/stephenyoung/Documents/GitHub Repos/acidotic-ejs/node_modules
